<?xml version="1.0" encoding="UTF-8"?>
<testsuite xmlns:xsi="http://www.w3.org/2001/XMLSchema-instance" xsi:noNamespaceSchemaLocation="https://maven.apache.org/surefire/maven-surefire-plugin/xsd/surefire-test-report-3.0.xsd" version="3.0" name="org.example.evrencelldemo.EvrencellDemoApplicationTests" time="2.453" tests="1" errors="0" skipped="0" failures="0">
  <properties>
[...]
</properties>
  <testcase name="contextLoads" classname="org.example.evrencelldemo.EvrencellDemoApplicationTests" time="0.75">
    <system-out><![CDATA[16:15:13.926 [main] INFO org.springframework.test.context.support.AnnotationConfigContextLoaderUtils -- Could not detect default configuration classes for test class [org.example.evrencelldemo.EvrencellDemoApplicationTests]: EvrencellDemoApplicationTests does not declare any static, non-private, non-final, nested classes annotated with @Configuration.
16:15:14.019 [main] INFO org.springframework.boot.test.context.SpringBootTestContextBootstrapper -- Found @SpringBootConfiguration org.example.evrencelldemo.EvrencellDemoApplication for test class org.example.evrencelldemo.EvrencellDemoApplicationTests
16:15:14.191 [main] INFO org.springframework.boot.devtools.restart.RestartApplicationListener -- Restart disabled due to context in which it is running

  .   ____          _            __ _ _
 /\\ / ___'_ __ _ _(_)_ __  __ _ \ \ \ \
( ( )\___ | '_ | '_| | '_ \/ _` | \ \ \ \
 \\/  ___)| |_)| | | | | || (_| |  ) ) ) )
  '  |____| .__|_| |_|_| |_\__, | / / / /
 =========|_|==============|___/=/_/_/_/

 :: Spring Boot ::                (v3.3.2)

2024-08-09T16:15:14.458+03:00  INFO 9548 --- [EvrencellDemo] [           main] o.e.e.EvrencellDemoApplicationTests      : Starting EvrencellDemoApplicationTests using Java 17.0.12 with PID 9548 (started by ymanb in C:\Users\ymanb\OneDrive\Desktop\EvrencellDemo)
2024-08-09T16:15:14.458+03:00  INFO 9548 --- [EvrencellDemo] [           main] o.e.e.EvrencellDemoApplicationTests      : No active profile set, falling back to 1 default profile: "default"
2024-08-09T16:15:15.254+03:00  INFO 9548 --- [EvrencellDemo] [           main] o.s.b.a.w.s.WelcomePageHandlerMapping    : Adding welcome page: class path resource [static/index.html]
2024-08-09T16:15:15.472+03:00  INFO 9548 --- [EvrencellDemo] [           main] o.e.e.EvrencellDemoApplicationTests      : Started EvrencellDemoApplicationTests in 1.296 seconds (process running for 2.201)
]]></system-out>
  </testcase>
</testsuite>